This file contains any messages produced by compilers while
running configure, to aid debugging if configure makes a mistake.

It was created by Treekin_hi configure 0.3.1, which was
generated by GNU Autoconf 2.69.  Invocation command line was

  $ ./configure --no-create --no-recursion

## --------- ##
## Platform. ##
## --------- ##

hostname = hamburg
uname -m = x86_64
uname -r = 4.13.0-32-generic
uname -s = Linux
uname -v = #35~16.04.1-Ubuntu SMP Thu Jan 25 10:13:43 UTC 2018

/usr/bin/uname -p = unknown
/bin/uname -X     = unknown

/bin/arch              = unknown
/usr/bin/arch -k       = unknown
/usr/convex/getsysinfo = unknown
/usr/bin/hostinfo      = unknown
/bin/machine           = unknown
/usr/bin/oslevel       = unknown
/bin/universe          = unknown

PATH: /home/jhuang/anaconda3/condabin
PATH: /home/jhuang/Tools/epilogos/bin
PATH: /home/jhuang/Tools/mothur
PATH: /home/jhuang/Tools/IM-TORNADO-2.0.3.3/bin
PATH: /home/jhuang/Tools/metaphlan2
PATH: /home/jhuang/meme/bin
PATH: /home/jhuang/Tools/bedops_linux_x86_64-v2.4.26
PATH: /home/jhuang/Tools/PEP_scaffolder
PATH: /home/jhuang/Tools/L_RNA_scaffolder
PATH: /home/jhuang/Tools/CAP3
PATH: /home/jhuang/Tools/trinityrnaseq-Trinity-v2.4.0
PATH: /home/jhuang/Tools/amos-3.1.0/bin
PATH: /home/jhuang/Tools/NanoOK/bin
PATH: ~/Scripts/SSPACE-LongRead_v1-1
PATH: ~/Scripts/SSPACE-STANDARD-3.0_linux-x86_64
PATH: ~/Scripts/GapFiller_v1-10_linux-x86_64
PATH: ~/Tools/SPAdes-Contig-Graph-master
PATH: ~/Tools/AlignGraph-master/AlignGraph
PATH: /home/jhuang/.linuxbrew/bin
PATH: /home/jhuang/Tools/tcoffee/Version_11.00.8cbe486/bin
PATH: /home/jhuang/Tools/tcoffee/Version_11.00.8cbe486/bin
PATH: /home/jhuang/Tools/tcoffee/Version_11.00.8cbe486/bin
PATH: /usr/local/sbin
PATH: /usr/local/bin
PATH: /usr/sbin
PATH: /usr/bin
PATH: /sbin
PATH: /bin
PATH: /usr/games
PATH: /usr/local/games
PATH: /snap/bin
PATH: ~/DATA/Data_Susanne_Amplicon_RdRp_orf1_2_re/SeekDeep/bin
PATH: /home/jhuang/Tools/SPANDx_v3.2
PATH: /home/jhuang/Scripts
PATH: /home/jhuang/Tools/damian
PATH: /home/jhuang/Tools/qualimap_v2.2
PATH: /home/jhuang/Tools/SPANDx_v3.2/snpEff
PATH: /home/jhuang/Tools/barrnap-0.6/bin
PATH: /home/jhuang/Tools/prokka-1.11/bin
PATH: /home/jhuang/Tools/bio-hal-code
PATH: /home/jhuang/Tools/PGAP-1.2.0
PATH: /home/jhuang/Tools/VelvetOptimiser-2.2.5
PATH: /home/jhuang/Tools/homer/bin/
PATH: /home/jhuang/Tools/biopieces/bin
PATH: /home/jhuang/Tools/phantompeakqualtools
PATH: /home/jhuang/Tools/ngsplot-2.63/bin
PATH: /home/jhuang/Tools/weblogo/
PATH: /home/jhuang/Tools/hhsuite-2.0.16/bin
PATH: /home/jhuang/Tools/hhsuite-2.0.16/scripts
PATH: /home/jhuang/Tools/drVM/Tools
PATH: /home/jhuang/Tools/drVM/Tools/snap-0.15.4-linux
PATH: /home/jhuang/Tools/drVM/Tools/soap2.21release
PATH: /home/jhuang/Tools/drVM/Tools/sratoolkit.2.5.4-1-ubuntu64/bin
PATH: /home/jhuang/Tools/piggy
PATH: /home/jhuang/Tools/sratoolkit.2.9.2-ubuntu64/bin
PATH: /home/jhuang/edirect
PATH: /home/jhuang/Tools/vrap/


## ----------- ##
## Core tests. ##
## ----------- ##

configure:2209: checking for a BSD-compatible install
configure:2277: result: /usr/bin/install -c
configure:2288: checking whether build environment is sane
configure:2343: result: yes
configure:2381: WARNING: 'missing' script is too old or missing
configure:2494: checking for a thread-safe mkdir -p
configure:2533: result: /bin/mkdir -p
configure:2540: checking for gawk
configure:2556: found /usr/bin/gawk
configure:2567: result: gawk
configure:2578: checking whether make sets $(MAKE)
configure:2600: result: yes
configure:2629: checking whether make supports nested variables
configure:2646: result: yes
configure:2777: checking build system type
configure:2791: result: x86_64-unknown-linux-gnu
configure:2811: checking host system type
configure:2824: result: x86_64-unknown-linux-gnu
configure:2923: checking for gcc
configure:2939: found /usr/bin/gcc
configure:2950: result: gcc
configure:3179: checking for C compiler version
configure:3188: gcc --version >&5
gcc (Ubuntu 5.4.0-6ubuntu1~16.04.12) 5.4.0 20160609
Copyright (C) 2015 Free Software Foundation, Inc.
This is free software; see the source for copying conditions.  There is NO
warranty; not even for MERCHANTABILITY or FITNESS FOR A PARTICULAR PURPOSE.

configure:3199: $? = 0
configure:3188: gcc -v >&5
Using built-in specs.
COLLECT_GCC=gcc
COLLECT_LTO_WRAPPER=/usr/lib/gcc/x86_64-linux-gnu/5/lto-wrapper
Target: x86_64-linux-gnu
Configured with: ../src/configure -v --with-pkgversion='Ubuntu 5.4.0-6ubuntu1~16.04.12' --with-bugurl=file:///usr/share/doc/gcc-5/README.Bugs --enable-languages=c,ada,c++,java,go,d,fortran,objc,obj-c++ --prefix=/usr --program-suffix=-5 --enable-shared --enable-linker-build-id --libexecdir=/usr/lib --without-included-gettext --enable-threads=posix --libdir=/usr/lib --enable-nls --with-sysroot=/ --enable-clocale=gnu --enable-libstdcxx-debug --enable-libstdcxx-time=yes --with-default-libstdcxx-abi=new --enable-gnu-unique-object --disable-vtable-verify --enable-libmpx --enable-plugin --with-system-zlib --disable-browser-plugin --enable-java-awt=gtk --enable-gtk-cairo --with-java-home=/usr/lib/jvm/java-1.5.0-gcj-5-amd64/jre --enable-java-home --with-jvm-root-dir=/usr/lib/jvm/java-1.5.0-gcj-5-amd64 --with-jvm-jar-dir=/usr/lib/jvm-exports/java-1.5.0-gcj-5-amd64 --with-arch-directory=amd64 --with-ecj-jar=/usr/share/java/eclipse-ecj.jar --enable-objc-gc --enable-multiarch --disable-werror --with-arch-32=i686 --with-abi=m64 --with-multilib-list=m32,m64,mx32 --enable-multilib --with-tune=generic --enable-checking=release --build=x86_64-linux-gnu --host=x86_64-linux-gnu --target=x86_64-linux-gnu
Thread model: posix
gcc version 5.4.0 20160609 (Ubuntu 5.4.0-6ubuntu1~16.04.12) 
configure:3199: $? = 0
configure:3188: gcc -V >&5
gcc: error: unrecognized command line option '-V'
gcc: fatal error: no input files
compilation terminated.
configure:3199: $? = 1
configure:3188: gcc -qversion >&5
gcc: error: unrecognized command line option '-qversion'
gcc: fatal error: no input files
compilation terminated.
configure:3199: $? = 1
configure:3219: checking whether the C compiler works
configure:3241: gcc    conftest.c  >&5
configure:3245: $? = 0
configure:3293: result: yes
configure:3296: checking for C compiler default output file name
configure:3298: result: a.out
configure:3304: checking for suffix of executables
configure:3311: gcc -o conftest    conftest.c  >&5
configure:3315: $? = 0
configure:3337: result: 
configure:3359: checking whether we are cross compiling
configure:3367: gcc -o conftest    conftest.c  >&5
configure:3371: $? = 0
configure:3378: ./conftest
configure:3382: $? = 0
configure:3397: result: no
configure:3402: checking for suffix of object files
configure:3424: gcc -c   conftest.c >&5
configure:3428: $? = 0
configure:3449: result: o
configure:3453: checking whether we are using the GNU C compiler
configure:3472: gcc -c   conftest.c >&5
configure:3472: $? = 0
configure:3481: result: yes
configure:3490: checking whether gcc accepts -g
configure:3510: gcc -c -g  conftest.c >&5
configure:3510: $? = 0
configure:3551: result: yes
configure:3568: checking for gcc option to accept ISO C89
configure:3631: gcc  -c -g -O2  conftest.c >&5
configure:3631: $? = 0
configure:3644: result: none needed
configure:3669: checking whether gcc understands -c and -o together
configure:3691: gcc -c conftest.c -o conftest2.o
configure:3694: $? = 0
configure:3691: gcc -c conftest.c -o conftest2.o
configure:3694: $? = 0
configure:3706: result: yes
configure:3734: checking for style of include used by make
configure:3762: result: GNU
configure:3788: checking dependency style of gcc
configure:3899: result: gcc3
configure:3957: checking for ranlib
configure:3973: found /usr/bin/ranlib
configure:3984: result: ranlib
configure:4007: checking whether make sets $(MAKE)
configure:4029: result: yes
configure:4041: checking for autoconf
configure:4059: found /usr/bin/autoconf
configure:4072: result: /usr/bin/autoconf
configure:4082: checking for aclocal
configure:4100: found /usr/local/bin/aclocal
configure:4113: result: /usr/local/bin/aclocal
configure:4123: checking for make
configure:4141: found /usr/bin/make
configure:4154: result: /usr/bin/make
configure:4164: checking for ar
configure:4182: found /usr/bin/ar
configure:4195: result: /usr/bin/ar
configure:4213: checking for ddot_ in -lblas
configure:4238: gcc -o conftest -g -O2   conftest.c -lblas   >&5
configure:4238: $? = 0
configure:4247: result: yes
configure:4258: checking for dgeevx_ in -llapack
configure:4283: gcc -o conftest -g -O2   conftest.c -llapack  -lblas  >&5
configure:4283: $? = 0
configure:4292: result: yes
configure:4303: checking for isnan in -lm
configure:4328: gcc -o conftest -g -O2   conftest.c -lm  -llapack -lblas  >&5
conftest.c:20:6: warning: conflicting types for built-in function 'isnan'
 char isnan ();
      ^
configure:4328: $? = 0
configure:4337: result: yes
configure:4348: checking for dseupd_ in -larpack
configure:4373: gcc -o conftest -g -O2   conftest.c -larpack  -lm -llapack -lblas  >&5
configure:4373: $? = 0
configure:4382: result: yes
configure:4400: checking how to run the C preprocessor
configure:4431: gcc -E  conftest.c
configure:4431: $? = 0
configure:4445: gcc -E  conftest.c
conftest.c:15:28: fatal error: ac_nonexistent.h: No such file or directory
compilation terminated.
configure:4445: $? = 1
configure: failed program was:
| /* confdefs.h */
| #define PACKAGE_NAME "Treekin_hi"
| #define PACKAGE_TARNAME "Treekin_hi"
| #define PACKAGE_VERSION "0.3.1"
| #define PACKAGE_STRING "Treekin_hi 0.3.1"
| #define PACKAGE_BUGREPORT "mtw@tbi.univie.ac.at"
| #define PACKAGE_URL ""
| #define PACKAGE "Treekin_hi"
| #define VERSION "0.3.1"
| #define HAVE_LIBBLAS 1
| #define HAVE_LIBLAPACK 1
| #define HAVE_LIBM 1
| #define HAVE_LIBARPACK 1
| /* end confdefs.h.  */
| #include <ac_nonexistent.h>
configure:4470: result: gcc -E
configure:4490: gcc -E  conftest.c
configure:4490: $? = 0
configure:4504: gcc -E  conftest.c
conftest.c:15:28: fatal error: ac_nonexistent.h: No such file or directory
compilation terminated.
configure:4504: $? = 1
configure: failed program was:
| /* confdefs.h */
| #define PACKAGE_NAME "Treekin_hi"
| #define PACKAGE_TARNAME "Treekin_hi"
| #define PACKAGE_VERSION "0.3.1"
| #define PACKAGE_STRING "Treekin_hi 0.3.1"
| #define PACKAGE_BUGREPORT "mtw@tbi.univie.ac.at"
| #define PACKAGE_URL ""
| #define PACKAGE "Treekin_hi"
| #define VERSION "0.3.1"
| #define HAVE_LIBBLAS 1
| #define HAVE_LIBLAPACK 1
| #define HAVE_LIBM 1
| #define HAVE_LIBARPACK 1
| /* end confdefs.h.  */
| #include <ac_nonexistent.h>
configure:4533: checking for grep that handles long lines and -e
configure:4591: result: /bin/grep
configure:4596: checking for egrep
configure:4658: result: /bin/grep -E
configure:4663: checking for ANSI C header files
configure:4683: gcc -c -g -O2  conftest.c >&5
configure:4683: $? = 0
configure:4756: gcc -o conftest -g -O2   conftest.c -larpack -lm -llapack -lblas  >&5
configure:4756: $? = 0
configure:4756: ./conftest
configure:4756: $? = 0
configure:4767: result: yes
configure:4780: checking for sys/types.h
configure:4780: gcc -c -g -O2  conftest.c >&5
configure:4780: $? = 0
configure:4780: result: yes
configure:4780: checking for sys/stat.h
configure:4780: gcc -c -g -O2  conftest.c >&5
configure:4780: $? = 0
configure:4780: result: yes
configure:4780: checking for stdlib.h
configure:4780: gcc -c -g -O2  conftest.c >&5
configure:4780: $? = 0
configure:4780: result: yes
configure:4780: checking for string.h
configure:4780: gcc -c -g -O2  conftest.c >&5
configure:4780: $? = 0
configure:4780: result: yes
configure:4780: checking for memory.h
configure:4780: gcc -c -g -O2  conftest.c >&5
configure:4780: $? = 0
configure:4780: result: yes
configure:4780: checking for strings.h
configure:4780: gcc -c -g -O2  conftest.c >&5
configure:4780: $? = 0
configure:4780: result: yes
configure:4780: checking for inttypes.h
configure:4780: gcc -c -g -O2  conftest.c >&5
configure:4780: $? = 0
configure:4780: result: yes
configure:4780: checking for stdint.h
configure:4780: gcc -c -g -O2  conftest.c >&5
configure:4780: $? = 0
configure:4780: result: yes
configure:4780: checking for unistd.h
configure:4780: gcc -c -g -O2  conftest.c >&5
configure:4780: $? = 0
configure:4780: result: yes
configure:4794: checking errno.h usability
configure:4794: gcc -c -g -O2  conftest.c >&5
configure:4794: $? = 0
configure:4794: result: yes
configure:4794: checking errno.h presence
configure:4794: gcc -E  conftest.c
configure:4794: $? = 0
configure:4794: result: yes
configure:4794: checking for errno.h
configure:4794: result: yes
configure:4808: checking math.h usability
configure:4808: gcc -c -g -O2  conftest.c >&5
configure:4808: $? = 0
configure:4808: result: yes
configure:4808: checking math.h presence
configure:4808: gcc -E  conftest.c
configure:4808: $? = 0
configure:4808: result: yes
configure:4808: checking for math.h
configure:4808: result: yes
configure:4820: checking whether byte ordering is bigendian
configure:4835: gcc -c -g -O2  conftest.c >&5
conftest.c:28:9: error: unknown type name 'not'
         not a universal capable compiler
         ^
conftest.c:28:15: error: expected '=', ',', ';', 'asm' or '__attribute__' before 'universal'
         not a universal capable compiler
               ^
conftest.c:28:15: error: unknown type name 'universal'
configure:4835: $? = 1
configure: failed program was:
| /* confdefs.h */
| #define PACKAGE_NAME "Treekin_hi"
| #define PACKAGE_TARNAME "Treekin_hi"
| #define PACKAGE_VERSION "0.3.1"
| #define PACKAGE_STRING "Treekin_hi 0.3.1"
| #define PACKAGE_BUGREPORT "mtw@tbi.univie.ac.at"
| #define PACKAGE_URL ""
| #define PACKAGE "Treekin_hi"
| #define VERSION "0.3.1"
| #define HAVE_LIBBLAS 1
| #define HAVE_LIBLAPACK 1
| #define HAVE_LIBM 1
| #define HAVE_LIBARPACK 1
| #define STDC_HEADERS 1
| #define HAVE_SYS_TYPES_H 1
| #define HAVE_SYS_STAT_H 1
| #define HAVE_STDLIB_H 1
| #define HAVE_STRING_H 1
| #define HAVE_MEMORY_H 1
| #define HAVE_STRINGS_H 1
| #define HAVE_INTTYPES_H 1
| #define HAVE_STDINT_H 1
| #define HAVE_UNISTD_H 1
| #define HAVE_ERRNO_H 1
| #define HAVE_MATH_H 1
| /* end confdefs.h.  */
| #ifndef __APPLE_CC__
| 	       not a universal capable compiler
| 	     #endif
| 	     typedef int dummy;
| 
configure:4880: gcc -c -g -O2  conftest.c >&5
configure:4880: $? = 0
configure:4898: gcc -c -g -O2  conftest.c >&5
conftest.c: In function 'main':
conftest.c:34:4: error: unknown type name 'not'
    not big endian
    ^
conftest.c:34:12: error: expected '=', ',', ';', 'asm' or '__attribute__' before 'endian'
    not big endian
            ^
configure:4898: $? = 1
configure: failed program was:
| /* confdefs.h */
| #define PACKAGE_NAME "Treekin_hi"
| #define PACKAGE_TARNAME "Treekin_hi"
| #define PACKAGE_VERSION "0.3.1"
| #define PACKAGE_STRING "Treekin_hi 0.3.1"
| #define PACKAGE_BUGREPORT "mtw@tbi.univie.ac.at"
| #define PACKAGE_URL ""
| #define PACKAGE "Treekin_hi"
| #define VERSION "0.3.1"
| #define HAVE_LIBBLAS 1
| #define HAVE_LIBLAPACK 1
| #define HAVE_LIBM 1
| #define HAVE_LIBARPACK 1
| #define STDC_HEADERS 1
| #define HAVE_SYS_TYPES_H 1
| #define HAVE_SYS_STAT_H 1
| #define HAVE_STDLIB_H 1
| #define HAVE_STRING_H 1
| #define HAVE_MEMORY_H 1
| #define HAVE_STRINGS_H 1
| #define HAVE_INTTYPES_H 1
| #define HAVE_STDINT_H 1
| #define HAVE_UNISTD_H 1
| #define HAVE_ERRNO_H 1
| #define HAVE_MATH_H 1
| /* end confdefs.h.  */
| #include <sys/types.h>
| 		#include <sys/param.h>
| 
| int
| main ()
| {
| #if BYTE_ORDER != BIG_ENDIAN
| 		 not big endian
| 		#endif
| 
|   ;
|   return 0;
| }
configure:5026: result: no
configure:5044: checking for an ANSI C-conforming const
configure:5110: gcc -c -g -O2  conftest.c >&5
configure:5110: $? = 0
configure:5117: result: yes
configure:5125: checking for size_t
configure:5125: gcc -c -g -O2  conftest.c >&5
configure:5125: $? = 0
configure:5125: gcc -c -g -O2  conftest.c >&5
conftest.c: In function 'main':
conftest.c:63:21: error: expected expression before ')' token
 if (sizeof ((size_t)))
                     ^
configure:5125: $? = 1
configure: failed program was:
| /* confdefs.h */
| #define PACKAGE_NAME "Treekin_hi"
| #define PACKAGE_TARNAME "Treekin_hi"
| #define PACKAGE_VERSION "0.3.1"
| #define PACKAGE_STRING "Treekin_hi 0.3.1"
| #define PACKAGE_BUGREPORT "mtw@tbi.univie.ac.at"
| #define PACKAGE_URL ""
| #define PACKAGE "Treekin_hi"
| #define VERSION "0.3.1"
| #define HAVE_LIBBLAS 1
| #define HAVE_LIBLAPACK 1
| #define HAVE_LIBM 1
| #define HAVE_LIBARPACK 1
| #define STDC_HEADERS 1
| #define HAVE_SYS_TYPES_H 1
| #define HAVE_SYS_STAT_H 1
| #define HAVE_STDLIB_H 1
| #define HAVE_STRING_H 1
| #define HAVE_MEMORY_H 1
| #define HAVE_STRINGS_H 1
| #define HAVE_INTTYPES_H 1
| #define HAVE_STDINT_H 1
| #define HAVE_UNISTD_H 1
| #define HAVE_ERRNO_H 1
| #define HAVE_MATH_H 1
| /* end confdefs.h.  */
| #include <stdio.h>
| #ifdef HAVE_SYS_TYPES_H
| # include <sys/types.h>
| #endif
| #ifdef HAVE_SYS_STAT_H
| # include <sys/stat.h>
| #endif
| #ifdef STDC_HEADERS
| # include <stdlib.h>
| # include <stddef.h>
| #else
| # ifdef HAVE_STDLIB_H
| #  include <stdlib.h>
| # endif
| #endif
| #ifdef HAVE_STRING_H
| # if !defined STDC_HEADERS && defined HAVE_MEMORY_H
| #  include <memory.h>
| # endif
| # include <string.h>
| #endif
| #ifdef HAVE_STRINGS_H
| # include <strings.h>
| #endif
| #ifdef HAVE_INTTYPES_H
| # include <inttypes.h>
| #endif
| #ifdef HAVE_STDINT_H
| # include <stdint.h>
| #endif
| #ifdef HAVE_UNISTD_H
| # include <unistd.h>
| #endif
| int
| main ()
| {
| if (sizeof ((size_t)))
| 	    return 0;
|   ;
|   return 0;
| }
configure:5125: result: yes
configure:5267: checking that generated files are newer than configure
configure:5273: result: done
configure:5297: creating ./config.status
configure:6618:

You can run make now.


## ---------------- ##
## Cache variables. ##
## ---------------- ##

ac_cv_build=x86_64-unknown-linux-gnu
ac_cv_c_bigendian=no
ac_cv_c_compiler_gnu=yes
ac_cv_c_const=yes
ac_cv_env_CC_set=
ac_cv_env_CC_value=
ac_cv_env_CFLAGS_set=
ac_cv_env_CFLAGS_value=
ac_cv_env_CPPFLAGS_set=
ac_cv_env_CPPFLAGS_value=
ac_cv_env_CPP_set=
ac_cv_env_CPP_value=
ac_cv_env_LDFLAGS_set=
ac_cv_env_LDFLAGS_value=
ac_cv_env_LIBS_set=
ac_cv_env_LIBS_value=
ac_cv_env_build_alias_set=
ac_cv_env_build_alias_value=
ac_cv_env_host_alias_set=
ac_cv_env_host_alias_value=
ac_cv_env_target_alias_set=
ac_cv_env_target_alias_value=
ac_cv_header_errno_h=yes
ac_cv_header_inttypes_h=yes
ac_cv_header_math_h=yes
ac_cv_header_memory_h=yes
ac_cv_header_stdc=yes
ac_cv_header_stdint_h=yes
ac_cv_header_stdlib_h=yes
ac_cv_header_string_h=yes
ac_cv_header_strings_h=yes
ac_cv_header_sys_stat_h=yes
ac_cv_header_sys_types_h=yes
ac_cv_header_unistd_h=yes
ac_cv_host=x86_64-unknown-linux-gnu
ac_cv_lib_arpack_dseupd_=yes
ac_cv_lib_blas_ddot_=yes
ac_cv_lib_lapack_dgeevx_=yes
ac_cv_lib_m_isnan=yes
ac_cv_objext=o
ac_cv_path_ACLOCAL=/usr/local/bin/aclocal
ac_cv_path_AR=/usr/bin/ar
ac_cv_path_AUTOCONF=/usr/bin/autoconf
ac_cv_path_EGREP='/bin/grep -E'
ac_cv_path_GREP=/bin/grep
ac_cv_path_MAKE=/usr/bin/make
ac_cv_path_install='/usr/bin/install -c'
ac_cv_path_mkdir=/bin/mkdir
ac_cv_prog_AWK=gawk
ac_cv_prog_CPP='gcc -E'
ac_cv_prog_ac_ct_CC=gcc
ac_cv_prog_ac_ct_RANLIB=ranlib
ac_cv_prog_cc_c89=
ac_cv_prog_cc_g=yes
ac_cv_prog_make_make_set=yes
ac_cv_type_size_t=yes
am_cv_CC_dependencies_compiler_type=gcc3
am_cv_make_support_nested_variables=yes
am_cv_prog_cc_c_o=yes

## ----------------- ##
## Output variables. ##
## ----------------- ##

ACLOCAL='/usr/local/bin/aclocal'
AMDEPBACKSLASH='\'
AMDEP_FALSE='#'
AMDEP_TRUE=''
AMTAR='$${TAR-tar}'
AM_BACKSLASH='\'
AM_DEFAULT_V='$(AM_DEFAULT_VERBOSITY)'
AM_DEFAULT_VERBOSITY='1'
AM_V='$(V)'
AR='/usr/bin/ar'
AUTOCONF='/usr/bin/autoconf'
AUTOHEADER='autoheader'
AUTOMAKE='automake-1.15'
AWK='gawk'
CC='gcc'
CCDEPMODE='depmode=gcc3'
CFLAGS='-g -O2'
CPP='gcc -E'
CPPFLAGS=''
CYGPATH_W='echo'
DEFS='-DHAVE_CONFIG_H'
DEPDIR='.deps'
ECHO_C=''
ECHO_N='-n'
ECHO_T=''
EGREP='/bin/grep -E'
EXEEXT=''
GREP='/bin/grep'
HOST_TYPE='linux'
INSTALL_DATA='${INSTALL} -m 644'
INSTALL_PROGRAM='${INSTALL}'
INSTALL_SCRIPT='${INSTALL}'
INSTALL_STRIP_PROGRAM='$(install_sh) -c -s'
LDFLAGS=''
LIBOBJS=''
LIBS='-larpack -lm -llapack -lblas '
LTLIBOBJS=''
MAKE='/usr/bin/make'
MAKEINFO='makeinfo'
MKDIR_P='/bin/mkdir -p'
OBJEXT='o'
PACKAGE='Treekin_hi'
PACKAGE_BUGREPORT='mtw@tbi.univie.ac.at'
PACKAGE_NAME='Treekin_hi'
PACKAGE_STRING='Treekin_hi 0.3.1'
PACKAGE_TARNAME='Treekin_hi'
PACKAGE_URL=''
PACKAGE_VERSION='0.3.1'
PATH_SEPARATOR=':'
RANLIB='ranlib'
SET_MAKE=''
SHAREDLIBEXT='so'
SHELL='/bin/bash'
STRIP=''
TestDataDirectory='$(srcdir)'
VERSION='0.3.1'
ac_ct_CC='gcc'
am__EXEEXT_FALSE=''
am__EXEEXT_TRUE='#'
am__fastdepCC_FALSE='#'
am__fastdepCC_TRUE=''
am__include='include'
am__isrc=''
am__leading_dot='.'
am__nodep='_no'
am__quote=''
am__tar='$${TAR-tar} chof - "$$tardir"'
am__untar='$${TAR-tar} xf -'
bindir='${exec_prefix}/bin'
build='x86_64-unknown-linux-gnu'
build_alias=''
build_cpu='x86_64'
build_os='linux-gnu'
build_vendor='unknown'
datadir='${datarootdir}'
datarootdir='${prefix}/share'
docdir='${datarootdir}/doc/${PACKAGE_TARNAME}'
dvidir='${docdir}'
exec_prefix='${prefix}'
host='x86_64-unknown-linux-gnu'
host_alias=''
host_cpu='x86_64'
host_os='linux-gnu'
host_vendor='unknown'
htmldir='${docdir}'
includedir='${prefix}/include'
infodir='${datarootdir}/info'
install_sh='${SHELL} /home/jhuang/DATA/RNAHeliCes/RNAliHiKinetics/Treekin-0.3.1_hi/config/install-sh'
libdir='${exec_prefix}/lib'
libexecdir='${exec_prefix}/libexec'
localedir='${datarootdir}/locale'
localstatedir='${prefix}/var'
mandir='${datarootdir}/man'
mkdir_p='$(MKDIR_P)'
oldincludedir='/usr/include'
pdfdir='${docdir}'
prefix='/usr/local'
program_transform_name='s,x,x,'
psdir='${docdir}'
runstatedir='${localstatedir}/run'
sbindir='${exec_prefix}/sbin'
sharedstatedir='${prefix}/com'
sysconfdir='${prefix}/etc'
target_alias=''

## ----------- ##
## confdefs.h. ##
## ----------- ##

/* confdefs.h */
#define PACKAGE_NAME "Treekin_hi"
#define PACKAGE_TARNAME "Treekin_hi"
#define PACKAGE_VERSION "0.3.1"
#define PACKAGE_STRING "Treekin_hi 0.3.1"
#define PACKAGE_BUGREPORT "mtw@tbi.univie.ac.at"
#define PACKAGE_URL ""
#define PACKAGE "Treekin_hi"
#define VERSION "0.3.1"
#define HAVE_LIBBLAS 1
#define HAVE_LIBLAPACK 1
#define HAVE_LIBM 1
#define HAVE_LIBARPACK 1
#define STDC_HEADERS 1
#define HAVE_SYS_TYPES_H 1
#define HAVE_SYS_STAT_H 1
#define HAVE_STDLIB_H 1
#define HAVE_STRING_H 1
#define HAVE_MEMORY_H 1
#define HAVE_STRINGS_H 1
#define HAVE_INTTYPES_H 1
#define HAVE_STDINT_H 1
#define HAVE_UNISTD_H 1
#define HAVE_ERRNO_H 1
#define HAVE_MATH_H 1

configure: exit 0

## ---------------------- ##
## Running config.status. ##
## ---------------------- ##

This file was extended by Treekin_hi config.status 0.3.1, which was
generated by GNU Autoconf 2.69.  Invocation command line was

  CONFIG_FILES    = 
  CONFIG_HEADERS  = 
  CONFIG_LINKS    = 
  CONFIG_COMMANDS = 
  $ ./config.status 

on hamburg

config.status:873: creating Makefile
config.status:873: creating config.h
config.status:1054: config.h is unchanged
config.status:1102: executing depfiles commands

## ---------------------- ##
## Running config.status. ##
## ---------------------- ##

This file was extended by Treekin_hi config.status 0.3.1, which was
generated by GNU Autoconf 2.69.  Invocation command line was

  CONFIG_FILES    = 
  CONFIG_HEADERS  = 
  CONFIG_LINKS    = 
  CONFIG_COMMANDS = 
  $ ./config.status config.h

on hamburg

config.status:873: creating config.h
config.status:1054: config.h is unchanged
